bibEC_processcard LOGuser setcustomer setship_to setcard setvaluta setorder setextra fields set_SendIt(): php sslERROR 3002 : (TESTMODE) This transaction cannot be accepted.
ERROR 3 : impossible to read the LOG file
user setcustomer setship_to setcard setvaluta setorder setextra fields set_SendIt(): php sslERROR 3002 : (TESTMODE) This transaction cannot be accepted.
ERROR 3 : impossible to read the LOG file
user setcustomer setship_to setcard setvaluta setorder setextra fields set_SendIt(): php sslERROR 3002 : (TESTMODE) This transaction cannot be accepted.
ERROR 3 : impossible to read the LOG file
user setcustomer setship_to setcard setvaluta setorder setextra fields set_SendIt(): php sslERROR 3002 : The merchant login ID or password is invalid or the account is inactive.
ERROR 3 : impossible to read the LOG file
user setcustomer setship_to setcard setvaluta setorder setextra fields set_SendIt(): php sslERROR 3002 : The merchant login ID or password is invalid or the account is inactive.
ERROR 3 : impossible to read the LOG file
user setcustomer setship_to setcard setvaluta setorder setextra fields set_SendIt(): php sslERROR 3002 : The merchant login ID or password is invalid or the account is inactive.
ERROR 3 : impossible to read the LOG file
user setcustomer setship_to setcard setvaluta setorder setextra fields set_SendIt(): php sslERROR 3002 : The merchant login ID or password is invalid or the account is inactive.
ERROR 3 : impossible to read the LOG file
user setcustomer setship_to setcard setvaluta setorder setextra fields set_SendIt(): php sslERROR 3002 : The merchant login ID or password is invalid or the account is inactive.
ERROR 3 : impossible to read the LOG file
user setcustomer setship_to setcard setvaluta setorder setextra fields set_SendIt(): php sslERROR 3002 : The merchant login ID or password is invalid or the account is inactive.
ERROR 3 : impossible to read the LOG file
user setcustomer setship_to setcard setvaluta setorder setextra fields set_SendIt(): php sslERROR 3002 : The merchant login ID or password is invalid or the account is inactive.
ERROR 3 : impossible to read the LOG file
user setcustomer setship_to setcard setvaluta setorder setextra fields set_SendIt(): php sslERROR 3002 : The merchant login ID or password is invalid or the account is inactive.
ERROR 3 : impossible to read the LOG file
user setcustomer setship_to setcard setvaluta setorder setextra fields set_SendIt(): php sslERROR 3002 : The merchant login ID or password is invalid or the account is inactive.
ERROR 3 : impossible to read the LOG file
user setcustomer setship_to setcard setvaluta setorder setextra fields set_SendIt(): php sslERROR 3002 : (TESTMODE) This transaction cannot be accepted.
ERROR 3 : impossible to read the LOG file
user setcustomer setship_to setcard setvaluta setorder setextra fields set_SendIt(): php sslERROR 3002 : (TESTMODE) This transaction cannot be accepted.
ERROR 3 : impossible to read the LOG file
user setcustomer setship_to setcard setvaluta setorder setextra fields set_SendIt(): php sslERROR 3002 : (TESTMODE) This transaction cannot be accepted.
ERROR 3 : impossible to read the LOG file
user setcustomer setship_to setcard setvaluta setorder setextra fields set_SendIt(): php sslERROR 3002 : (TESTMODE) This transaction cannot be accepted.
ERROR 3 : impossible to read the LOG file
user setcustomer setship_to setcard setvaluta setorder setextra fields set_SendIt(): php sslERROR 3002 : (TESTMODE) This transaction cannot be accepted.
ERROR 3 : impossible to read the LOG file
user setcustomer setship_to setcard setvaluta setorder setextra fields set_SendIt(): php sslERROR 3002 : (TESTMODE) This transaction cannot be accepted.
ERROR 3 : impossible to read the LOG file
user setcustomer setship_to setcard setvaluta setorder setextra fields set_SendIt(): php sslERROR 3002 : (TESTMODE) This transaction cannot be accepted.
ERROR 3 : impossible to read the LOG file
user setcustomer setship_to setcard setvaluta setorder setextra fields set_SendIt(): php sslERROR 3002 : (TESTMODE) This transaction cannot be accepted.
ERROR 3 : impossible to read the LOG file
user setcustomer setship_to setcard setvaluta setorder setextra fields set_SendIt(): php sslERROR 3002 : (TESTMODE) The merchant login ID or password is invalid or the account is inactive.
ERROR 3 : impossible to read the LOG file
user setcustomer setship_to setcard setvaluta setorder setextra fields set_SendIt(): php sslERROR 3002 : (TESTMODE) The merchant login ID or password is invalid or the account is inactive.
ERROR 3 : impossible to read the LOG file
user setcustomer setship_to setcard setvaluta setorder setextra fields set_SendIt(): php sslERROR 3002 : (TESTMODE) The merchant login ID or password is invalid or the account is inactive.
ERROR 3 : impossible to read the LOG file
user setcustomer setship_to setcard setvaluta setorder setextra fields set_SendIt(): php sslERROR 3002 : (TESTMODE) The merchant login ID or password is invalid or the account is inactive.
ERROR 3 : impossible to read the LOG file
user setcustomer setship_to setcard setvaluta setorder setextra fields set_SendIt(): php sslERROR 3002 : (TESTMODE) The merchant login ID or password is invalid or the account is inactive.
ERROR 3 : impossible to read the LOG file
user setcustomer setship_to setcard setvaluta setorder setextra fields set_SendIt(): php sslERROR 3002 : (TESTMODE) The merchant login ID or password is invalid or the account is inactive.
ERROR 3 : impossible to read the LOG file
user setcustomer setship_to setcard setvaluta setorder setextra fields set_SendIt(): php sslERROR 3002 : (TESTMODE) The merchant login ID or password is invalid or the account is inactive.
ERROR 3 : impossible to read the LOG file
user setcustomer setship_to setcard setvaluta setorder setextra fields set_SendIt(): php sslERROR 3002 : (TESTMODE) The merchant login ID or password is invalid or the account is inactive.
ERROR 3 : impossible to read the LOG file
user setcustomer setship_to setcard setvaluta setorder setERROR 1002 : extra fields not set, `set_extra` accept only array as input
ERROR 3 : impossible to read the LOG file
user setcustomer setship_to setcard setvaluta setorder setextra fields set_SendIt(): php sslERROR 3002 : (TESTMODE) The merchant login ID or password is invalid or the account is inactive.
ERROR 3 : impossible to read the LOG file
user setcustomer setship_to setcard setvaluta setorder setextra fields set_SendIt(): php sslERROR 3002 : (TESTMODE) The merchant login ID or password is invalid or the account is inactive.
ERROR 3 : impossible to read the LOG file
user setcustomer setship_to setcard setvaluta setorder setextra fields set_SendIt(): php sslERROR 3002 : (TESTMODE) The merchant login ID or password is invalid or the account is inactive.
ERROR 3 : impossible to read the LOG file
user setcustomer setship_to setcard setvaluta setorder setextra fields set_SendIt(): php sslERROR 3002 : (TESTMODE) The merchant login ID or password is invalid or the account is inactive.
ERROR 3 : impossible to read the LOG file
user setcustomer setship_to setcard setvaluta setorder setextra fields set_SendIt(): php sslERROR 3002 : (TESTMODE) The merchant login ID or password is invalid or the account is inactive.
ERROR 3 : impossible to read the LOG file
user setcustomer setship_to setcard setvaluta setorder setextra fields set_SendIt(): php sslERROR 3002 : (TESTMODE) The merchant login ID or password is invalid or the account is inactive.
ERROR 3 : impossible to read the LOG file
user setcustomer setship_to setcard setvaluta setorder setextra fields set_SendIt(): php sslERROR 3002 : (TESTMODE) The merchant login ID or password is invalid or the account is inactive.
ERROR 3 : impossible to read the LOG file
user setcustomer setship_to setcard setvaluta setorder setextra fields set_SendIt(): php sslERROR 3002 : (TESTMODE) The merchant login ID or password is invalid or the account is inactive.
ERROR 3 : impossible to read the LOG file
user setcustomer setship_to setcard setvaluta setorder setextra fields set_SendIt(): php sslERROR 3002 : (TESTMODE) The merchant login ID or password is invalid or the account is inactive.
ERROR 3 : impossible to read the LOG file
user setcustomer setship_to setcard setvaluta setorder setextra fields set_SendIt(): php sslERROR 3002 : (TESTMODE) The merchant login ID or password is invalid or the account is inactive.
ERROR 3 : impossible to read the LOG file
user setcustomer setship_to setcard setvaluta setorder setextra fields set_SendIt(): php sslERROR 3002 : (TESTMODE) The merchant login ID or password is invalid or the account is inactive.
ERROR 3 : impossible to read the LOG file
user setcustomer setship_to setcard setvaluta setorder setextra fields set_SendIt(): php sslERROR 3002 : (TESTMODE) The merchant login ID or password is invalid or the account is inactive.
ERROR 3 : impossible to read the LOG file
user setcustomer setship_to setcard setvaluta setorder setextra fields set_SendIt(): php sslERROR 3 : impossible to read the LOG file
user setcustomer setship_to setcard setvaluta setorder setextra fields set_SendIt(): php sslERROR 3 : impossible to read the LOG file
user setcustomer setship_to setcard setvaluta setorder setextra fields set_SendIt(): php sslERROR 3 : impossible to read the LOG file
user setcustomer setship_to setcard setvaluta setorder setextra fields set_SendIt(): php sslERROR 3 : impossible to read the LOG file
user setcustomer setship_to setcard setvaluta setorder setextra fields set_SendIt(): php sslERROR 3 : impossible to read the LOG file
user setcustomer setship_to setcard setvaluta setorder setextra fields set_SendIt(): php sslERROR 3001 : This transaction has been declined.
ERROR 3 : impossible to read the LOG file
user setcustomer setship_to setcard setvaluta setorder setextra fields set_SendIt(): php sslERROR 3 : impossible to read the LOG file
